<?xml version="1.0" encoding="UTF-8"?>
<testsuite name="com.example.llmn.LlmOpsApplicationTests" tests="1" skipped="0" failures="0" errors="0" timestamp="2024-10-12T10:32:38" hostname="MacBook-Pro.local" time="0.263">
  <properties/>
  <testcase name="contextLoads()" classname="com.example.llmn.LlmOpsApplicationTests" time="0.263"/>
  <system-out><![CDATA[19:32:35.312 [Test worker] INFO org.springframework.test.context.support.AnnotationConfigContextLoaderUtils -- Could not detect default configuration classes for test class [com.example.llmn.LlmOpsApplicationTests]: LlmOpsApplicationTests does not declare any static, non-private, non-final, nested classes annotated with @Configuration.
19:32:35.347 [Test worker] INFO org.springframework.boot.test.context.SpringBootTestContextBootstrapper -- Found @SpringBootConfiguration com.example.llmn.LlmOpsApplication for test class com.example.llmn.LlmOpsApplicationTests

  .   ____          _            __ _ _
 /\\ / ___'_ __ _ _(_)_ __  __ _ \ \ \ \
( ( )\___ | '_ | '_| | '_ \/ _` | \ \ \ \
 \\/  ___)| |_)| | | | | || (_| |  ) ) ) )
  '  |____| .__|_| |_|_| |_\__, | / / / /
 =========|_|==============|___/=/_/_/_/

 :: Spring Boot ::                (v3.3.1)

2024-10-12T19:32:35.467+09:00  WARN 11069 --- [llmn] [    Test worker] ory$DuplicateJsonObjectContextCustomizer : 

Found multiple occurrences of org.json.JSONObject on the class path:

	jar:file:/Users/lhh/.gradle/caches/modules-2/files-2.1/org.json/json/20220320/6df2c050972619466f6dcef7654ef9bcc01dfd0/json-20220320.jar!/org/json/JSONObject.class
	jar:file:/Users/lhh/.gradle/caches/modules-2/files-2.1/com.vaadin.external.google/android-json/0.0.20131108.vaadin1/fa26d351fe62a6a17f5cda1287c1c6110dec413f/android-json-0.0.20131108.vaadin1.jar!/org/json/JSONObject.class

You may wish to exclude one of them to ensure predictable runtime behavior

2024-10-12T19:32:35.471+09:00  INFO 11069 --- [llmn] [    Test worker] c.example.llmn.LlmOpsApplicationTests    : Starting LlmOpsApplicationTests using Java 17.0.9 with PID 11069 (started by lhh in /Users/lhh/LLMN)
2024-10-12T19:32:35.471+09:00  INFO 11069 --- [llmn] [    Test worker] c.example.llmn.LlmOpsApplicationTests    : No active profile set, falling back to 1 default profile: "default"
2024-10-12T19:32:35.795+09:00  INFO 11069 --- [llmn] [    Test worker] .s.d.r.c.RepositoryConfigurationDelegate : Multiple Spring Data modules found, entering strict repository configuration mode
2024-10-12T19:32:35.796+09:00  INFO 11069 --- [llmn] [    Test worker] .s.d.r.c.RepositoryConfigurationDelegate : Bootstrapping Spring Data Elasticsearch repositories in DEFAULT mode.
2024-10-12T19:32:35.812+09:00  INFO 11069 --- [llmn] [    Test worker] .RepositoryConfigurationExtensionSupport : Spring Data Elasticsearch - Could not safely identify store assignment for repository candidate interface com.example.llmn.repository.AlarmRepository; If you want this repository to be a Elasticsearch repository, consider annotating your entities with one of these annotations: org.springframework.data.elasticsearch.annotations.Document (preferred), or consider extending one of the following types with your repository: org.springframework.data.elasticsearch.repository.ElasticsearchRepository
2024-10-12T19:32:35.812+09:00  INFO 11069 --- [llmn] [    Test worker] .RepositoryConfigurationExtensionSupport : Spring Data Elasticsearch - Could not safely identify store assignment for repository candidate interface com.example.llmn.repository.MetricRepository; If you want this repository to be a Elasticsearch repository, consider annotating your entities with one of these annotations: org.springframework.data.elasticsearch.annotations.Document (preferred), or consider extending one of the following types with your repository: org.springframework.data.elasticsearch.repository.ElasticsearchRepository
2024-10-12T19:32:35.813+09:00  INFO 11069 --- [llmn] [    Test worker] .RepositoryConfigurationExtensionSupport : Spring Data Elasticsearch - Could not safely identify store assignment for repository candidate interface com.example.llmn.repository.ProjectRepository; If you want this repository to be a Elasticsearch repository, consider annotating your entities with one of these annotations: org.springframework.data.elasticsearch.annotations.Document (preferred), or consider extending one of the following types with your repository: org.springframework.data.elasticsearch.repository.ElasticsearchRepository
2024-10-12T19:32:35.813+09:00  INFO 11069 --- [llmn] [    Test worker] .RepositoryConfigurationExtensionSupport : Spring Data Elasticsearch - Could not safely identify store assignment for repository candidate interface com.example.llmn.repository.SshInfoRepository; If you want this repository to be a Elasticsearch repository, consider annotating your entities with one of these annotations: org.springframework.data.elasticsearch.annotations.Document (preferred), or consider extending one of the following types with your repository: org.springframework.data.elasticsearch.repository.ElasticsearchRepository
2024-10-12T19:32:35.813+09:00  INFO 11069 --- [llmn] [    Test worker] .RepositoryConfigurationExtensionSupport : Spring Data Elasticsearch - Could not safely identify store assignment for repository candidate interface com.example.llmn.repository.SummaryRepository; If you want this repository to be a Elasticsearch repository, consider annotating your entities with one of these annotations: org.springframework.data.elasticsearch.annotations.Document (preferred), or consider extending one of the following types with your repository: org.springframework.data.elasticsearch.repository.ElasticsearchRepository
2024-10-12T19:32:35.814+09:00  INFO 11069 --- [llmn] [    Test worker] .RepositoryConfigurationExtensionSupport : Spring Data Elasticsearch - Could not safely identify store assignment for repository candidate interface com.example.llmn.repository.UserRepository; If you want this repository to be a Elasticsearch repository, consider annotating your entities with one of these annotations: org.springframework.data.elasticsearch.annotations.Document (preferred), or consider extending one of the following types with your repository: org.springframework.data.elasticsearch.repository.ElasticsearchRepository
2024-10-12T19:32:35.814+09:00  INFO 11069 --- [llmn] [    Test worker] .s.d.r.c.RepositoryConfigurationDelegate : Finished Spring Data repository scanning in 16 ms. Found 0 Elasticsearch repository interfaces.
2024-10-12T19:32:35.817+09:00  INFO 11069 --- [llmn] [    Test worker] .s.d.r.c.RepositoryConfigurationDelegate : Multiple Spring Data modules found, entering strict repository configuration mode
2024-10-12T19:32:35.818+09:00  INFO 11069 --- [llmn] [    Test worker] .s.d.r.c.RepositoryConfigurationDelegate : Bootstrapping Spring Data Reactive Elasticsearch repositories in DEFAULT mode.
2024-10-12T19:32:35.821+09:00  INFO 11069 --- [llmn] [    Test worker] .RepositoryConfigurationExtensionSupport : Spring Data Reactive Elasticsearch - Could not safely identify store assignment for repository candidate interface com.example.llmn.repository.AlarmRepository; If you want this repository to be a Reactive Elasticsearch repository, consider annotating your entities with one of these annotations: org.springframework.data.elasticsearch.annotations.Document (preferred), or consider extending one of the following types with your repository: org.springframework.data.elasticsearch.repository.ReactiveElasticsearchRepository
2024-10-12T19:32:35.822+09:00  INFO 11069 --- [llmn] [    Test worker] .RepositoryConfigurationExtensionSupport : Spring Data Reactive Elasticsearch - Could not safely identify store assignment for repository candidate interface com.example.llmn.repository.MetricRepository; If you want this repository to be a Reactive Elasticsearch repository, consider annotating your entities with one of these annotations: org.springframework.data.elasticsearch.annotations.Document (preferred), or consider extending one of the following types with your repository: org.springframework.data.elasticsearch.repository.ReactiveElasticsearchRepository
2024-10-12T19:32:35.822+09:00  INFO 11069 --- [llmn] [    Test worker] .RepositoryConfigurationExtensionSupport : Spring Data Reactive Elasticsearch - Could not safely identify store assignment for repository candidate interface com.example.llmn.repository.ProjectRepository; If you want this repository to be a Reactive Elasticsearch repository, consider annotating your entities with one of these annotations: org.springframework.data.elasticsearch.annotations.Document (preferred), or consider extending one of the following types with your repository: org.springframework.data.elasticsearch.repository.ReactiveElasticsearchRepository
2024-10-12T19:32:35.822+09:00  INFO 11069 --- [llmn] [    Test worker] .RepositoryConfigurationExtensionSupport : Spring Data Reactive Elasticsearch - Could not safely identify store assignment for repository candidate interface com.example.llmn.repository.SshInfoRepository; If you want this repository to be a Reactive Elasticsearch repository, consider annotating your entities with one of these annotations: org.springframework.data.elasticsearch.annotations.Document (preferred), or consider extending one of the following types with your repository: org.springframework.data.elasticsearch.repository.ReactiveElasticsearchRepository
2024-10-12T19:32:35.822+09:00  INFO 11069 --- [llmn] [    Test worker] .RepositoryConfigurationExtensionSupport : Spring Data Reactive Elasticsearch - Could not safely identify store assignment for repository candidate interface com.example.llmn.repository.SummaryRepository; If you want this repository to be a Reactive Elasticsearch repository, consider annotating your entities with one of these annotations: org.springframework.data.elasticsearch.annotations.Document (preferred), or consider extending one of the following types with your repository: org.springframework.data.elasticsearch.repository.ReactiveElasticsearchRepository
2024-10-12T19:32:35.822+09:00  INFO 11069 --- [llmn] [    Test worker] .RepositoryConfigurationExtensionSupport : Spring Data Reactive Elasticsearch - Could not safely identify store assignment for repository candidate interface com.example.llmn.repository.UserRepository; If you want this repository to be a Reactive Elasticsearch repository, consider annotating your entities with one of these annotations: org.springframework.data.elasticsearch.annotations.Document (preferred), or consider extending one of the following types with your repository: org.springframework.data.elasticsearch.repository.ReactiveElasticsearchRepository
2024-10-12T19:32:35.822+09:00  INFO 11069 --- [llmn] [    Test worker] .s.d.r.c.RepositoryConfigurationDelegate : Finished Spring Data repository scanning in 3 ms. Found 0 Reactive Elasticsearch repository interfaces.
2024-10-12T19:32:35.826+09:00  INFO 11069 --- [llmn] [    Test worker] .s.d.r.c.RepositoryConfigurationDelegate : Multiple Spring Data modules found, entering strict repository configuration mode
2024-10-12T19:32:35.826+09:00  INFO 11069 --- [llmn] [    Test worker] .s.d.r.c.RepositoryConfigurationDelegate : Bootstrapping Spring Data JPA repositories in DEFAULT mode.
2024-10-12T19:32:35.874+09:00  INFO 11069 --- [llmn] [    Test worker] .s.d.r.c.RepositoryConfigurationDelegate : Finished Spring Data repository scanning in 46 ms. Found 6 JPA repository interfaces.
2024-10-12T19:32:35.881+09:00  INFO 11069 --- [llmn] [    Test worker] .s.d.r.c.RepositoryConfigurationDelegate : Multiple Spring Data modules found, entering strict repository configuration mode
2024-10-12T19:32:35.882+09:00  INFO 11069 --- [llmn] [    Test worker] .s.d.r.c.RepositoryConfigurationDelegate : Bootstrapping Spring Data Redis repositories in DEFAULT mode.
2024-10-12T19:32:35.887+09:00  INFO 11069 --- [llmn] [    Test worker] .RepositoryConfigurationExtensionSupport : Spring Data Redis - Could not safely identify store assignment for repository candidate interface com.example.llmn.repository.AlarmRepository; If you want this repository to be a Redis repository, consider annotating your entities with one of these annotations: org.springframework.data.redis.core.RedisHash (preferred), or consider extending one of the following types with your repository: org.springframework.data.keyvalue.repository.KeyValueRepository
2024-10-12T19:32:35.887+09:00  INFO 11069 --- [llmn] [    Test worker] .RepositoryConfigurationExtensionSupport : Spring Data Redis - Could not safely identify store assignment for repository candidate interface com.example.llmn.repository.MetricRepository; If you want this repository to be a Redis repository, consider annotating your entities with one of these annotations: org.springframework.data.redis.core.RedisHash (preferred), or consider extending one of the following types with your repository: org.springframework.data.keyvalue.repository.KeyValueRepository
2024-10-12T19:32:35.887+09:00  INFO 11069 --- [llmn] [    Test worker] .RepositoryConfigurationExtensionSupport : Spring Data Redis - Could not safely identify store assignment for repository candidate interface com.example.llmn.repository.ProjectRepository; If you want this repository to be a Redis repository, consider annotating your entities with one of these annotations: org.springframework.data.redis.core.RedisHash (preferred), or consider extending one of the following types with your repository: org.springframework.data.keyvalue.repository.KeyValueRepository
2024-10-12T19:32:35.887+09:00  INFO 11069 --- [llmn] [    Test worker] .RepositoryConfigurationExtensionSupport : Spring Data Redis - Could not safely identify store assignment for repository candidate interface com.example.llmn.repository.SshInfoRepository; If you want this repository to be a Redis repository, consider annotating your entities with one of these annotations: org.springframework.data.redis.core.RedisHash (preferred), or consider extending one of the following types with your repository: org.springframework.data.keyvalue.repository.KeyValueRepository
2024-10-12T19:32:35.887+09:00  INFO 11069 --- [llmn] [    Test worker] .RepositoryConfigurationExtensionSupport : Spring Data Redis - Could not safely identify store assignment for repository candidate interface com.example.llmn.repository.SummaryRepository; If you want this repository to be a Redis repository, consider annotating your entities with one of these annotations: org.springframework.data.redis.core.RedisHash (preferred), or consider extending one of the following types with your repository: org.springframework.data.keyvalue.repository.KeyValueRepository
2024-10-12T19:32:35.888+09:00  INFO 11069 --- [llmn] [    Test worker] .RepositoryConfigurationExtensionSupport : Spring Data Redis - Could not safely identify store assignment for repository candidate interface com.example.llmn.repository.UserRepository; If you want this repository to be a Redis repository, consider annotating your entities with one of these annotations: org.springframework.data.redis.core.RedisHash (preferred), or consider extending one of the following types with your repository: org.springframework.data.keyvalue.repository.KeyValueRepository
2024-10-12T19:32:35.888+09:00  INFO 11069 --- [llmn] [    Test worker] .s.d.r.c.RepositoryConfigurationDelegate : Finished Spring Data repository scanning in 3 ms. Found 0 Redis repository interfaces.
2024-10-12T19:32:36.143+09:00  INFO 11069 --- [llmn] [    Test worker] o.hibernate.jpa.internal.util.LogHelper  : HHH000204: Processing PersistenceUnitInfo [name: default]
2024-10-12T19:32:36.163+09:00  INFO 11069 --- [llmn] [    Test worker] org.hibernate.Version                    : HHH000412: Hibernate ORM core version 6.5.2.Final
2024-10-12T19:32:36.176+09:00  INFO 11069 --- [llmn] [    Test worker] o.h.c.internal.RegionFactoryInitiator    : HHH000026: Second-level cache disabled
2024-10-12T19:32:36.281+09:00  INFO 11069 --- [llmn] [    Test worker] o.s.o.j.p.SpringPersistenceUnitInfo      : No LoadTimeWeaver setup: ignoring JPA class transformer
2024-10-12T19:32:36.291+09:00  INFO 11069 --- [llmn] [    Test worker] com.zaxxer.hikari.HikariDataSource       : HikariPool-1 - Starting...
2024-10-12T19:32:36.425+09:00  INFO 11069 --- [llmn] [    Test worker] com.zaxxer.hikari.pool.HikariPool        : HikariPool-1 - Added connection com.mysql.cj.jdbc.ConnectionImpl@1e1ea16d
2024-10-12T19:32:36.425+09:00  INFO 11069 --- [llmn] [    Test worker] com.zaxxer.hikari.HikariDataSource       : HikariPool-1 - Start completed.
2024-10-12T19:32:36.451+09:00  WARN 11069 --- [llmn] [    Test worker] org.hibernate.orm.deprecation            : HHH90000025: MySQLDialect does not need to be specified explicitly using 'hibernate.dialect' (remove the property setting and it will be selected by default)
2024-10-12T19:32:36.814+09:00  INFO 11069 --- [llmn] [    Test worker] o.h.e.t.j.p.i.JtaPlatformInitiator       : HHH000489: No JTA platform available (set 'hibernate.transaction.jta.platform' to enable JTA platform integration)
Hibernate: alter table alarm_tb modify column alarm_type enum ('EMERGENCY','UPDATE')
Hibernate: alter table alarm_tb modify column content TEXT
Hibernate: alter table summary_tb modify column content TEXT
Hibernate: alter table summary_tb modify column summary_type enum ('ANOMALY','DAILY','GENERAL','HOURLY','PERFORMANCE','RECOMMENDATION','TEND')
2024-10-12T19:32:36.938+09:00  INFO 11069 --- [llmn] [    Test worker] j.LocalContainerEntityManagerFactoryBean : Initialized JPA EntityManagerFactory for persistence unit 'default'
2024-10-12T19:32:37.047+09:00  INFO 11069 --- [llmn] [    Test worker] o.s.d.j.r.query.QueryEnhancerFactory     : Hibernate is in classpath; If applicable, HQL parser will be used.
2024-10-12T19:32:37.405+09:00 ERROR 11069 --- [llmn] [    Test worker] i.n.r.d.DnsServerAddressStreamProviders  : Unable to load io.netty.resolver.dns.macos.MacOSDnsServerAddressStreamProvider, fallback to system defaults. This may result in incorrect DNS resolutions on MacOS. Check whether you have a dependency on 'io.netty:netty-resolver-dns-native-macos'. Use DEBUG level to see the full stack: java.lang.UnsatisfiedLinkError: failed to load the required native library
2024-10-12T19:32:37.624+09:00  WARN 11069 --- [llmn] [    Test worker] JpaBaseConfiguration$JpaWebConfiguration : spring.jpa.open-in-view is enabled by default. Therefore, database queries may be performed during view rendering. Explicitly configure spring.jpa.open-in-view to disable this warning
2024-10-12T19:32:37.642+09:00  INFO 11069 --- [llmn] [    Test worker] r$InitializeUserDetailsManagerConfigurer : Global AuthenticationManager configured with UserDetailsService bean with name customUserDetailsService
2024-10-12T19:32:38.028+09:00  INFO 11069 --- [llmn] [    Test worker] c.example.llmn.LlmOpsApplicationTests    : Started LlmOpsApplicationTests in 2.633 seconds (process running for 3.005)
2024-10-12T19:32:38.071+09:00  INFO 11069 --- [llmn] [   scheduling-1] com.example.llmn.service.LogService      : <ElasticSearch> docker-logs-2024.10.12에 대한 검색 실패
2024-10-12T19:32:38.072+09:00 ERROR 11069 --- [llmn] [   scheduling-1] o.s.s.s.TaskUtils$LoggingErrorHandler    : Unexpected error occurred in scheduled task

co.elastic.clients.util.MissingRequiredPropertyException: Missing required property 'SearchResponse.took'
	at co.elastic.clients.util.ApiTypeHelper.requireNonNull(ApiTypeHelper.java:76) ~[elasticsearch-java-8.13.4.jar:na]
	at co.elastic.clients.elasticsearch.core.search.ResponseBody.<init>(ResponseBody.java:115) ~[elasticsearch-java-8.13.4.jar:na]
	at co.elastic.clients.elasticsearch.core.SearchResponse.<init>(SearchResponse.java:61) ~[elasticsearch-java-8.13.4.jar:na]
	at co.elastic.clients.elasticsearch.core.SearchResponse.<init>(SearchResponse.java:57) ~[elasticsearch-java-8.13.4.jar:na]
	at co.elastic.clients.elasticsearch.core.SearchResponse$Builder.build(SearchResponse.java:93) ~[elasticsearch-java-8.13.4.jar:na]
	at com.example.llmn.service.LogService.searchFromElasticSearch(LogService.java:306) ~[main/:na]
	at com.example.llmn.service.LogService.processAndUpdateLogs(LogService.java:70) ~[main/:na]
	at java.base/jdk.internal.reflect.NativeMethodAccessorImpl.invoke0(Native Method) ~[na:na]
	at java.base/jdk.internal.reflect.NativeMethodAccessorImpl.invoke(NativeMethodAccessorImpl.java:77) ~[na:na]
	at java.base/jdk.internal.reflect.DelegatingMethodAccessorImpl.invoke(DelegatingMethodAccessorImpl.java:43) ~[na:na]
	at java.base/java.lang.reflect.Method.invoke(Method.java:568) ~[na:na]
	at org.springframework.scheduling.support.ScheduledMethodRunnable.runInternal(ScheduledMethodRunnable.java:130) ~[spring-context-6.1.10.jar:6.1.10]
	at org.springframework.scheduling.support.ScheduledMethodRunnable.lambda$run$2(ScheduledMethodRunnable.java:124) ~[spring-context-6.1.10.jar:6.1.10]
	at io.micrometer.observation.Observation.observe(Observation.java:499) ~[micrometer-observation-1.13.1.jar:1.13.1]
	at org.springframework.scheduling.support.ScheduledMethodRunnable.run(ScheduledMethodRunnable.java:124) ~[spring-context-6.1.10.jar:6.1.10]
	at org.springframework.scheduling.support.DelegatingErrorHandlingRunnable.run(DelegatingErrorHandlingRunnable.java:54) ~[spring-context-6.1.10.jar:6.1.10]
	at java.base/java.util.concurrent.Executors$RunnableAdapter.call(Executors.java:539) ~[na:na]
	at java.base/java.util.concurrent.FutureTask.runAndReset(FutureTask.java:305) ~[na:na]
	at java.base/java.util.concurrent.ScheduledThreadPoolExecutor$ScheduledFutureTask.run(ScheduledThreadPoolExecutor.java:305) ~[na:na]
	at java.base/java.util.concurrent.ThreadPoolExecutor.runWorker(ThreadPoolExecutor.java:1136) ~[na:na]
	at java.base/java.util.concurrent.ThreadPoolExecutor$Worker.run(ThreadPoolExecutor.java:635) ~[na:na]
	at java.base/java.lang.Thread.run(Thread.java:842) ~[na:na]

]]></system-out>
  <system-err><![CDATA[]]></system-err>
</testsuite>
